[2026-04-06 23:44:48] [CotizaPro][Uncaught] Class "Aplicacion\Nucleo\Enrutador" not found @ /home/vextra/public_html/aplicacion/nucleo/App.php:16
[2026-04-06 23:44:49] [CotizaPro][Uncaught] Class "Aplicacion\Nucleo\Enrutador" not found @ /home/vextra/public_html/aplicacion/nucleo/App.php:16
[2026-04-06 23:44:49] [CotizaPro][Uncaught] Class "Aplicacion\Nucleo\Enrutador" not found @ /home/vextra/public_html/aplicacion/nucleo/App.php:16
[2026-04-06 23:44:49] [CotizaPro][Uncaught] Class "Aplicacion\Nucleo\Enrutador" not found @ /home/vextra/public_html/aplicacion/nucleo/App.php:16
[2026-04-06 23:45:14] [CotizaPro][Uncaught] Class "Aplicacion\Nucleo\Enrutador" not found @ /home/vextra/public_html/aplicacion/nucleo/App.php:16
[2026-04-06 23:45:15] [CotizaPro][Uncaught] Class "Aplicacion\Nucleo\Enrutador" not found @ /home/vextra/public_html/aplicacion/nucleo/App.php:16
[2026-04-06 23:45:15] [CotizaPro][Uncaught] Class "Aplicacion\Nucleo\Enrutador" not found @ /home/vextra/public_html/aplicacion/nucleo/App.php:16
[2026-04-06 23:45:15] [CotizaPro][Uncaught] Class "Aplicacion\Nucleo\Enrutador" not found @ /home/vextra/public_html/aplicacion/nucleo/App.php:16
[2026-04-06 23:45:15] [CotizaPro][Uncaught] Class "Aplicacion\Nucleo\Enrutador" not found @ /home/vextra/public_html/aplicacion/nucleo/App.php:16
[2026-04-06 23:45:16] [CotizaPro][Uncaught] Class "Aplicacion\Nucleo\Enrutador" not found @ /home/vextra/public_html/aplicacion/nucleo/App.php:16
[2026-04-06 23:45:17] [CotizaPro][Uncaught] Class "Aplicacion\Nucleo\Enrutador" not found @ /home/vextra/public_html/aplicacion/nucleo/App.php:16
[2026-04-06 23:45:17] [CotizaPro][Uncaught] Class "Aplicacion\Nucleo\Enrutador" not found @ /home/vextra/public_html/aplicacion/nucleo/App.php:16
[2026-04-06 23:45:17] [CotizaPro][Uncaught] Class "Aplicacion\Nucleo\Enrutador" not found @ /home/vextra/public_html/aplicacion/nucleo/App.php:16
[2026-04-06 23:45:23] [CotizaPro][Uncaught] Class "Aplicacion\Nucleo\Enrutador" not found @ /home/vextra/public_html/aplicacion/nucleo/App.php:16
[2026-04-06 23:45:24] [CotizaPro][Uncaught] Class "Aplicacion\Nucleo\Enrutador" not found @ /home/vextra/public_html/aplicacion/nucleo/App.php:16
[2026-04-06 23:45:24] [CotizaPro][Uncaught] Class "Aplicacion\Nucleo\Enrutador" not found @ /home/vextra/public_html/aplicacion/nucleo/App.php:16
[2026-04-06 23:45:24] [CotizaPro][Uncaught] Class "Aplicacion\Nucleo\Enrutador" not found @ /home/vextra/public_html/aplicacion/nucleo/App.php:16
[2026-04-06 23:45:39] [CotizaPro][Uncaught] Class "Aplicacion\Nucleo\Enrutador" not found @ /home/vextra/public_html/aplicacion/nucleo/App.php:16
[2026-04-06 23:46:12] [CotizaPro][Uncaught] Class "Aplicacion\Nucleo\Enrutador" not found @ /home/vextra/public_html/aplicacion/nucleo/App.php:16
[2026-04-06 23:46:12] [CotizaPro][Uncaught] Class "Aplicacion\Nucleo\Enrutador" not found @ /home/vextra/public_html/aplicacion/nucleo/App.php:16
[2026-04-06 23:46:13] [CotizaPro][Uncaught] Class "Aplicacion\Nucleo\Enrutador" not found @ /home/vextra/public_html/aplicacion/nucleo/App.php:16
[2026-04-06 23:46:14] [CotizaPro][Uncaught] Class "Aplicacion\Nucleo\Enrutador" not found @ /home/vextra/public_html/aplicacion/nucleo/App.php:16
[2026-04-06 23:46:14] [CotizaPro][Uncaught] Class "Aplicacion\Nucleo\Enrutador" not found @ /home/vextra/public_html/aplicacion/nucleo/App.php:16
[2026-04-06 23:46:15] [CotizaPro][Uncaught] Class "Aplicacion\Nucleo\Enrutador" not found @ /home/vextra/public_html/aplicacion/nucleo/App.php:16
[2026-04-06 23:46:15] [CotizaPro][Uncaught] Class "Aplicacion\Nucleo\Enrutador" not found @ /home/vextra/public_html/aplicacion/nucleo/App.php:16
[2026-04-06 23:46:15] [CotizaPro][Uncaught] Class "Aplicacion\Nucleo\Enrutador" not found @ /home/vextra/public_html/aplicacion/nucleo/App.php:16
[2026-04-06 23:46:15] [CotizaPro][Uncaught] Class "Aplicacion\Nucleo\Enrutador" not found @ /home/vextra/public_html/aplicacion/nucleo/App.php:16
[2026-04-06 23:46:16] [CotizaPro][Uncaught] Class "Aplicacion\Nucleo\Enrutador" not found @ /home/vextra/public_html/aplicacion/nucleo/App.php:16
[2026-04-06 23:47:37] [CotizaPro][Uncaught] Class "Aplicacion\Nucleo\Enrutador" not found @ /home/vextra/public_html/aplicacion/nucleo/App.php:16
[2026-04-06 23:48:06] [CotizaPro][Uncaught] Class "Aplicacion\Nucleo\Enrutador" not found @ /home/vextra/public_html/aplicacion/nucleo/App.php:16
[2026-04-06 23:48:42] [CotizaPro][Uncaught] Class "Aplicacion\Nucleo\Enrutador" not found @ /home/vextra/public_html/aplicacion/nucleo/App.php:16
[2026-04-06 23:49:07] [CotizaPro][Uncaught] Class "Aplicacion\Nucleo\Enrutador" not found @ /home/vextra/public_html/aplicacion/nucleo/App.php:16
[2026-04-06 23:49:24] [CotizaPro][Uncaught] Class "Aplicacion\Nucleo\Enrutador" not found @ /home/vextra/public_html/aplicacion/nucleo/App.php:16
[2026-04-06 23:49:41] [CotizaPro][Uncaught] Class "Aplicacion\Nucleo\Enrutador" not found @ /home/vextra/public_html/aplicacion/nucleo/App.php:16
[2026-04-06 23:49:53] [CotizaPro][Uncaught] Class "Aplicacion\Nucleo\Enrutador" not found @ /home/vextra/public_html/aplicacion/nucleo/App.php:16
[2026-04-06 23:50:07] [CotizaPro][Uncaught] Class "Aplicacion\Nucleo\Enrutador" not found @ /home/vextra/public_html/aplicacion/nucleo/App.php:16
[2026-04-06 23:51:42] [ERR-69d48d5e994628.84541544] [CotizaPro][Uncaught] Class "Aplicacion\Nucleo\Enrutador" not found @ /home/vextra/public_html/aplicacion/nucleo/App.php:16
[2026-04-06 23:55:09] [ERR-69d48e2d571007.74628971] [CotizaPro][Uncaught] Class "Aplicacion\Nucleo\Enrutador" not found @ /home/vextra/public_html/aplicacion/nucleo/App.php:16
[2026-04-06 23:55:16] [ERR-69d48e34866f89.93674323] [CotizaPro][Uncaught] Class "Aplicacion\Nucleo\Enrutador" not found @ /home/vextra/public_html/aplicacion/nucleo/App.php:16
[2026-04-06 23:55:17] [ERR-69d48e358b7a11.55094446] [CotizaPro][Uncaught] Class "Aplicacion\Nucleo\Enrutador" not found @ /home/vextra/public_html/aplicacion/nucleo/App.php:16
[2026-04-06 23:55:17] [ERR-69d48e35edd211.36784591] [CotizaPro][Uncaught] Class "Aplicacion\Nucleo\Enrutador" not found @ /home/vextra/public_html/aplicacion/nucleo/App.php:16
[2026-04-06 23:55:18] [ERR-69d48e363ebf18.13865379] [CotizaPro][Uncaught] Class "Aplicacion\Nucleo\Enrutador" not found @ /home/vextra/public_html/aplicacion/nucleo/App.php:16
[2026-04-06 23:55:18] [ERR-69d48e36773a36.38052647] [CotizaPro][Uncaught] Class "Aplicacion\Nucleo\Enrutador" not found @ /home/vextra/public_html/aplicacion/nucleo/App.php:16
[2026-04-06 23:55:18] [ERR-69d48e36a82831.86982276] [CotizaPro][Uncaught] Class "Aplicacion\Nucleo\Enrutador" not found @ /home/vextra/public_html/aplicacion/nucleo/App.php:16
[2026-04-06 23:55:18] [ERR-69d48e36e19898.80377106] [CotizaPro][Uncaught] Class "Aplicacion\Nucleo\Enrutador" not found @ /home/vextra/public_html/aplicacion/nucleo/App.php:16
[2026-04-06 23:55:19] [ERR-69d48e371dc241.52326111] [CotizaPro][Uncaught] Class "Aplicacion\Nucleo\Enrutador" not found @ /home/vextra/public_html/aplicacion/nucleo/App.php:16
[2026-04-06 23:55:19] [ERR-69d48e375c2210.27668401] [CotizaPro][Uncaught] Class "Aplicacion\Nucleo\Enrutador" not found @ /home/vextra/public_html/aplicacion/nucleo/App.php:16
[2026-04-06 23:55:19] [ERR-69d48e37c5f410.79397880] [CotizaPro][Uncaught] Class "Aplicacion\Nucleo\Enrutador" not found @ /home/vextra/public_html/aplicacion/nucleo/App.php:16
[2026-04-06 23:55:20] [ERR-69d48e380e8ec2.11987202] [CotizaPro][Uncaught] Class "Aplicacion\Nucleo\Enrutador" not found @ /home/vextra/public_html/aplicacion/nucleo/App.php:16
[2026-04-06 23:55:20] [ERR-69d48e38484af9.27539508] [CotizaPro][Uncaught] Class "Aplicacion\Nucleo\Enrutador" not found @ /home/vextra/public_html/aplicacion/nucleo/App.php:16
[2026-04-06 23:58:14] [ERR-69d48ee63060a3.81613760] [CotizaPro][Uncaught] Class "Aplicacion\Controladores\Publico\PublicoControlador" not found @ /home/vextra/public_html/aplicacion/nucleo/Enrutador.php:36
[2026-04-07 00:00:50] [ERR-69d48f829bbd89.47134552] [CotizaPro][Uncaught] Class "Aplicacion\Controladores\Publico\PublicoControlador" not found @ /home/vextra/public_html/aplicacion/nucleo/Enrutador.php:36
[2026-04-07 10:15:54] [ERR-69d51faa453343.68478543] [CotizaPro][Uncaught] Class "Aplicacion\Nucleo\Enrutador" not found @ /home/vextra/public_html/aplicacion/nucleo/App.php:16
[2026-04-07 10:15:56] [ERR-69d51fac88b379.85269966] [CotizaPro][Uncaught] syntax error, unexpected string content "a", expecting "]" @ /home/vextra/public_html/rutas/empresa.php:144
[2026-04-07 10:15:58] [ERR-69d51fae2745e5.01428411] [CotizaPro][Uncaught] syntax error, unexpected string content "a", expecting "]" @ /home/vextra/public_html/rutas/empresa.php:144
[2026-04-07 10:15:58] [ERR-69d51faed9e7b7.49024575] [CotizaPro][Uncaught] syntax error, unexpected string content "a", expecting "]" @ /home/vextra/public_html/rutas/empresa.php:144
[2026-04-07 10:15:59] [ERR-69d51faf5ce9b2.87856730] [CotizaPro][Uncaught] syntax error, unexpected string content "a", expecting "]" @ /home/vextra/public_html/rutas/empresa.php:144
[2026-04-07 10:15:59] [ERR-69d51fafb755f7.13922413] [CotizaPro][Uncaught] syntax error, unexpected string content "a", expecting "]" @ /home/vextra/public_html/rutas/empresa.php:144
[2026-04-07 10:15:59] [ERR-69d51fafebe4f9.03881066] [CotizaPro][Uncaught] syntax error, unexpected string content "a", expecting "]" @ /home/vextra/public_html/rutas/empresa.php:144
[2026-04-07 10:16:00] [ERR-69d51fb059d808.46245476] [CotizaPro][Uncaught] syntax error, unexpected string content "a", expecting "]" @ /home/vextra/public_html/rutas/empresa.php:144
[2026-04-07 10:16:00] [ERR-69d51fb0b796b4.46247983] [CotizaPro][Uncaught] syntax error, unexpected string content "a", expecting "]" @ /home/vextra/public_html/rutas/empresa.php:144
[2026-04-07 10:16:01] [ERR-69d51fb1113ec4.71322466] [CotizaPro][Uncaught] syntax error, unexpected string content "a", expecting "]" @ /home/vextra/public_html/rutas/empresa.php:144
[2026-04-07 14:15:09] [ERR-69d557bd162ad4.38661927] [Vextra][Uncaught] Class "Aplicacion\Modelos\PlanFuncionalidad" not found @ /home/vextra/public_html/aplicacion/controladores/Publico/PublicoControlador.php:86
[2026-04-07 15:37:46] [ERR-69d55d0a7957b9.96792406] [Vextra][Uncaught] Class "Aplicacion\Nucleo\App" not found @ /home/vextra/public_html/public/index.php:127
[2026-04-08 01:59:58] [ERR-69d5fcee3e8d23.96710617] [Vextra][Fatal] Cannot redeclare Aplicacion\Controladores\Autenticacion\AutenticacionControlador::liberarRegistrosBloqueadosPorPagoNoAprobado() @ /home/vextra/public_html/aplicacion/controladores/Autenticacion/AutenticacionControlador.php:454
[2026-04-08 02:01:42] [ERR-69d5fd566b2787.97351708] [Vextra][Fatal] Cannot redeclare Aplicacion\Controladores\Autenticacion\AutenticacionControlador::liberarRegistrosBloqueadosPorPagoNoAprobado() @ /home/vextra/public_html/aplicacion/controladores/Autenticacion/AutenticacionControlador.php:454
[2026-04-08 02:01:48] [ERR-69d5fd5c155087.48750617] [Vextra][Fatal] Cannot redeclare Aplicacion\Controladores\Autenticacion\AutenticacionControlador::liberarRegistrosBloqueadosPorPagoNoAprobado() @ /home/vextra/public_html/aplicacion/controladores/Autenticacion/AutenticacionControlador.php:454
[2026-04-08 02:01:49] [ERR-69d5fd5dcc9a07.84094089] [Vextra][Fatal] Cannot redeclare Aplicacion\Controladores\Autenticacion\AutenticacionControlador::liberarRegistrosBloqueadosPorPagoNoAprobado() @ /home/vextra/public_html/aplicacion/controladores/Autenticacion/AutenticacionControlador.php:454
[2026-04-08 02:02:03] [ERR-69d5fd6b0d89e0.15409746] [Vextra][Fatal] Cannot redeclare Aplicacion\Controladores\Autenticacion\AutenticacionControlador::liberarRegistrosBloqueadosPorPagoNoAprobado() @ /home/vextra/public_html/aplicacion/controladores/Autenticacion/AutenticacionControlador.php:454
[2026-04-08 02:02:03] [ERR-69d5fd6bc42167.72608207] [Vextra][Fatal] Cannot redeclare Aplicacion\Controladores\Autenticacion\AutenticacionControlador::liberarRegistrosBloqueadosPorPagoNoAprobado() @ /home/vextra/public_html/aplicacion/controladores/Autenticacion/AutenticacionControlador.php:454
[2026-04-08 03:02:04] [ERR-69d5fd6c6f62c9.09699585] [Vextra][Uncaught] Class "Aplicacion\Nucleo\App" not found @ /home/vextra/public_html/public/index.php:127
[2026-04-08 02:02:04] [ERR-69d5fd6cca6675.64825904] [Vextra][Fatal] Cannot redeclare Aplicacion\Controladores\Autenticacion\AutenticacionControlador::liberarRegistrosBloqueadosPorPagoNoAprobado() @ /home/vextra/public_html/aplicacion/controladores/Autenticacion/AutenticacionControlador.php:454
[2026-04-08 02:02:05] [ERR-69d5fd6daf0c09.82849192] [Vextra][Fatal] Cannot redeclare Aplicacion\Controladores\Autenticacion\AutenticacionControlador::liberarRegistrosBloqueadosPorPagoNoAprobado() @ /home/vextra/public_html/aplicacion/controladores/Autenticacion/AutenticacionControlador.php:454
[2026-04-08 02:02:06] [ERR-69d5fd6e2775b1.70368843] [Vextra][Fatal] Cannot redeclare Aplicacion\Controladores\Autenticacion\AutenticacionControlador::liberarRegistrosBloqueadosPorPagoNoAprobado() @ /home/vextra/public_html/aplicacion/controladores/Autenticacion/AutenticacionControlador.php:454
[2026-04-08 02:02:06] [ERR-69d5fd6e693e18.34090518] [Vextra][Fatal] Cannot redeclare Aplicacion\Controladores\Autenticacion\AutenticacionControlador::liberarRegistrosBloqueadosPorPagoNoAprobado() @ /home/vextra/public_html/aplicacion/controladores/Autenticacion/AutenticacionControlador.php:454
[2026-04-08 02:02:06] [ERR-69d5fd6ea5a5c0.10432866] [Vextra][Fatal] Cannot redeclare Aplicacion\Controladores\Autenticacion\AutenticacionControlador::liberarRegistrosBloqueadosPorPagoNoAprobado() @ /home/vextra/public_html/aplicacion/controladores/Autenticacion/AutenticacionControlador.php:454
[2026-04-08 02:02:06] [ERR-69d5fd6ee3b143.35829880] [Vextra][Fatal] Cannot redeclare Aplicacion\Controladores\Autenticacion\AutenticacionControlador::liberarRegistrosBloqueadosPorPagoNoAprobado() @ /home/vextra/public_html/aplicacion/controladores/Autenticacion/AutenticacionControlador.php:454
[2026-04-08 02:02:07] [ERR-69d5fd6f6d3199.56228608] [Vextra][Fatal] Cannot redeclare Aplicacion\Controladores\Autenticacion\AutenticacionControlador::liberarRegistrosBloqueadosPorPagoNoAprobado() @ /home/vextra/public_html/aplicacion/controladores/Autenticacion/AutenticacionControlador.php:454
[2026-04-08 02:02:07] [ERR-69d5fd6f9e20d3.76836863] [Vextra][Fatal] Cannot redeclare Aplicacion\Controladores\Autenticacion\AutenticacionControlador::liberarRegistrosBloqueadosPorPagoNoAprobado() @ /home/vextra/public_html/aplicacion/controladores/Autenticacion/AutenticacionControlador.php:454
[2026-04-08 02:02:07] [ERR-69d5fd6fcf8999.03271813] [Vextra][Fatal] Cannot redeclare Aplicacion\Controladores\Autenticacion\AutenticacionControlador::liberarRegistrosBloqueadosPorPagoNoAprobado() @ /home/vextra/public_html/aplicacion/controladores/Autenticacion/AutenticacionControlador.php:454
[2026-04-08 02:02:08] [ERR-69d5fd703d0734.79145254] [Vextra][Fatal] Cannot redeclare Aplicacion\Controladores\Autenticacion\AutenticacionControlador::liberarRegistrosBloqueadosPorPagoNoAprobado() @ /home/vextra/public_html/aplicacion/controladores/Autenticacion/AutenticacionControlador.php:454
[2026-04-08 02:02:08] [ERR-69d5fd70722242.52298745] [Vextra][Fatal] Cannot redeclare Aplicacion\Controladores\Autenticacion\AutenticacionControlador::liberarRegistrosBloqueadosPorPagoNoAprobado() @ /home/vextra/public_html/aplicacion/controladores/Autenticacion/AutenticacionControlador.php:454
[2026-04-08 02:02:10] [ERR-69d5fd726abbf4.59399267] [Vextra][Fatal] Cannot redeclare Aplicacion\Controladores\Autenticacion\AutenticacionControlador::liberarRegistrosBloqueadosPorPagoNoAprobado() @ /home/vextra/public_html/aplicacion/controladores/Autenticacion/AutenticacionControlador.php:454
[2026-04-08 02:04:56] [ERR-69d5fe18000456.82783647] [Vextra][Fatal] Cannot redeclare Aplicacion\Controladores\Autenticacion\AutenticacionControlador::liberarRegistrosBloqueadosPorPagoNoAprobado() @ /home/vextra/public_html/aplicacion/controladores/Autenticacion/AutenticacionControlador.php:454
[2026-04-08 02:04:56] [ERR-69d5fe18f2ce27.27262499] [Vextra][Fatal] Cannot redeclare Aplicacion\Controladores\Autenticacion\AutenticacionControlador::liberarRegistrosBloqueadosPorPagoNoAprobado() @ /home/vextra/public_html/aplicacion/controladores/Autenticacion/AutenticacionControlador.php:454
[2026-04-08 02:04:57] [ERR-69d5fe19daeda5.46867478] [Vextra][Fatal] Cannot redeclare Aplicacion\Controladores\Autenticacion\AutenticacionControlador::liberarRegistrosBloqueadosPorPagoNoAprobado() @ /home/vextra/public_html/aplicacion/controladores/Autenticacion/AutenticacionControlador.php:454
[2026-04-08 02:04:58] [ERR-69d5fe1ab6c727.13730542] [Vextra][Fatal] Cannot redeclare Aplicacion\Controladores\Autenticacion\AutenticacionControlador::liberarRegistrosBloqueadosPorPagoNoAprobado() @ /home/vextra/public_html/aplicacion/controladores/Autenticacion/AutenticacionControlador.php:454
[2026-04-08 02:04:59] [ERR-69d5fe1b8e38c8.68629876] [Vextra][Fatal] Cannot redeclare Aplicacion\Controladores\Autenticacion\AutenticacionControlador::liberarRegistrosBloqueadosPorPagoNoAprobado() @ /home/vextra/public_html/aplicacion/controladores/Autenticacion/AutenticacionControlador.php:454
[2026-04-08 02:05:00] [ERR-69d5fe1c55a270.72365993] [Vextra][Fatal] Cannot redeclare Aplicacion\Controladores\Autenticacion\AutenticacionControlador::liberarRegistrosBloqueadosPorPagoNoAprobado() @ /home/vextra/public_html/aplicacion/controladores/Autenticacion/AutenticacionControlador.php:454
[2026-04-08 02:05:01] [ERR-69d5fe1d231184.74644294] [Vextra][Fatal] A function with return type must return a value @ /home/vextra/public_html/aplicacion/controladores/Autenticacion/AutenticacionControlador.php:464
[2026-04-08 02:05:02] [ERR-69d5fe1e7e3765.01370607] [Vextra][Fatal] A function with return type must return a value @ /home/vextra/public_html/aplicacion/controladores/Autenticacion/AutenticacionControlador.php:464
[2026-04-08 02:05:03] [ERR-69d5fe1fe13140.22857385] [Vextra][Fatal] A function with return type must return a value @ /home/vextra/public_html/aplicacion/controladores/Autenticacion/AutenticacionControlador.php:464
[2026-04-08 02:05:04] [ERR-69d5fe20e58d97.10146421] [Vextra][Fatal] A function with return type must return a value @ /home/vextra/public_html/aplicacion/controladores/Autenticacion/AutenticacionControlador.php:464
[2026-04-08 02:05:05] [ERR-69d5fe21aab6e9.65130540] [Vextra][Fatal] A function with return type must return a value @ /home/vextra/public_html/aplicacion/controladores/Autenticacion/AutenticacionControlador.php:464
[2026-04-08 02:05:06] [ERR-69d5fe2245a210.92470668] [Vextra][Fatal] A function with return type must return a value @ /home/vextra/public_html/aplicacion/controladores/Autenticacion/AutenticacionControlador.php:464
[2026-04-08 02:05:06] [ERR-69d5fe22e181b5.38750816] [Vextra][Fatal] A function with return type must return a value @ /home/vextra/public_html/aplicacion/controladores/Autenticacion/AutenticacionControlador.php:464
[2026-04-08 02:05:07] [ERR-69d5fe2388cf46.86568597] [Vextra][Fatal] A function with return type must return a value @ /home/vextra/public_html/aplicacion/controladores/Autenticacion/AutenticacionControlador.php:464
[2026-04-08 02:05:08] [ERR-69d5fe24021ef8.87797077] [Vextra][Fatal] A function with return type must return a value @ /home/vextra/public_html/aplicacion/controladores/Autenticacion/AutenticacionControlador.php:464
[2026-04-08 02:05:08] [ERR-69d5fe243ade75.03033108] [Vextra][Fatal] A function with return type must return a value @ /home/vextra/public_html/aplicacion/controladores/Autenticacion/AutenticacionControlador.php:464
[2026-04-08 02:05:08] [ERR-69d5fe24700239.77853559] [Vextra][Fatal] A function with return type must return a value @ /home/vextra/public_html/aplicacion/controladores/Autenticacion/AutenticacionControlador.php:464
[2026-04-08 02:05:08] [ERR-69d5fe24a4e4d2.94251542] [Vextra][Fatal] A function with return type must return a value @ /home/vextra/public_html/aplicacion/controladores/Autenticacion/AutenticacionControlador.php:464
[2026-04-08 02:05:08] [ERR-69d5fe24de30e9.36247544] [Vextra][Fatal] A function with return type must return a value @ /home/vextra/public_html/aplicacion/controladores/Autenticacion/AutenticacionControlador.php:464
[2026-04-08 02:05:09] [ERR-69d5fe251fc291.47826379] [Vextra][Fatal] A function with return type must return a value @ /home/vextra/public_html/aplicacion/controladores/Autenticacion/AutenticacionControlador.php:464
[2026-04-08 02:05:09] [ERR-69d5fe25570d33.27147353] [Vextra][Fatal] A function with return type must return a value @ /home/vextra/public_html/aplicacion/controladores/Autenticacion/AutenticacionControlador.php:464
[2026-04-08 02:05:09] [ERR-69d5fe258d9cf0.69767835] [Vextra][Fatal] A function with return type must return a value @ /home/vextra/public_html/aplicacion/controladores/Autenticacion/AutenticacionControlador.php:464
[2026-04-08 02:05:09] [ERR-69d5fe25be3310.88615304] [Vextra][Fatal] A function with return type must return a value @ /home/vextra/public_html/aplicacion/controladores/Autenticacion/AutenticacionControlador.php:464
[2026-04-08 02:05:09] [ERR-69d5fe25e9fff7.02158310] [Vextra][Fatal] A function with return type must return a value @ /home/vextra/public_html/aplicacion/controladores/Autenticacion/AutenticacionControlador.php:464
[2026-04-08 02:05:10] [ERR-69d5fe261e7731.72031790] [Vextra][Fatal] A function with return type must return a value @ /home/vextra/public_html/aplicacion/controladores/Autenticacion/AutenticacionControlador.php:464
[2026-04-08 02:05:10] [ERR-69d5fe264b54c0.24062745] [Vextra][Fatal] A function with return type must return a value @ /home/vextra/public_html/aplicacion/controladores/Autenticacion/AutenticacionControlador.php:464
[2026-04-08 02:05:13] [ERR-69d5fe29ecf021.12335690] [Vextra][Fatal] A function with return type must return a value @ /home/vextra/public_html/aplicacion/controladores/Autenticacion/AutenticacionControlador.php:464
[2026-04-08 02:05:14] [ERR-69d5fe2ad1cb67.96904521] [Vextra][Fatal] A function with return type must return a value @ /home/vextra/public_html/aplicacion/controladores/Autenticacion/AutenticacionControlador.php:464
[2026-04-08 02:05:19] [ERR-69d5fe2fdd72f1.19478629] [Vextra][Fatal] A function with return type must return a value @ /home/vextra/public_html/aplicacion/controladores/Autenticacion/AutenticacionControlador.php:464
[2026-04-08 02:07:43] [ERR-69d5febfcdb763.19201691] [Vextra][Fatal] A function with return type must return a value @ /home/vextra/public_html/aplicacion/controladores/Autenticacion/AutenticacionControlador.php:464
[2026-04-08 02:09:16] [ERR-69d5ff1c8d5b69.25011370] [Vextra][Fatal] A function with return type must return a value @ /home/vextra/public_html/aplicacion/controladores/Autenticacion/AutenticacionControlador.php:464
[2026-04-08 02:09:17] [ERR-69d5ff1ddfe1d3.40230567] [Vextra][Fatal] A function with return type must return a value @ /home/vextra/public_html/aplicacion/controladores/Autenticacion/AutenticacionControlador.php:464
[2026-04-08 02:09:18] [ERR-69d5ff1ea75191.75019633] [Vextra][Fatal] A function with return type must return a value @ /home/vextra/public_html/aplicacion/controladores/Autenticacion/AutenticacionControlador.php:464
[2026-04-08 02:09:19] [ERR-69d5ff1f5b4878.04174722] [Vextra][Fatal] A function with return type must return a value @ /home/vextra/public_html/aplicacion/controladores/Autenticacion/AutenticacionControlador.php:464
[2026-04-08 02:09:20] [ERR-69d5ff20059ad3.41271931] [Vextra][Fatal] A function with return type must return a value @ /home/vextra/public_html/aplicacion/controladores/Autenticacion/AutenticacionControlador.php:464
[2026-04-08 02:09:20] [ERR-69d5ff20948db5.72697517] [Vextra][Uncaught] Class "Aplicacion\Controladores\Autenticacion\AutenticacionControlador" not found @ /home/vextra/public_html/aplicacion/nucleo/Enrutador.php:36
[2026-04-08 02:09:21] [ERR-69d5ff21700247.47571404] [Vextra][Fatal] A function with return type must return a value @ /home/vextra/public_html/aplicacion/controladores/Autenticacion/AutenticacionControlador.php:356
[2026-04-08 02:09:22] [ERR-69d5ff22863e71.77230977] [Vextra][Fatal] A function with return type must return a value @ /home/vextra/public_html/aplicacion/controladores/Autenticacion/AutenticacionControlador.php:356
[2026-04-08 02:09:23] [ERR-69d5ff233c1be2.11390016] [Vextra][Fatal] A function with return type must return a value @ /home/vextra/public_html/aplicacion/controladores/Autenticacion/AutenticacionControlador.php:356
[2026-04-08 02:09:23] [ERR-69d5ff238b4129.00157254] [Vextra][Fatal] A function with return type must return a value @ /home/vextra/public_html/aplicacion/controladores/Autenticacion/AutenticacionControlador.php:356
[2026-04-08 02:09:24] [ERR-69d5ff240433f4.74340662] [Vextra][Fatal] A function with return type must return a value @ /home/vextra/public_html/aplicacion/controladores/Autenticacion/AutenticacionControlador.php:356
[2026-04-08 02:09:24] [ERR-69d5ff2448f503.93102743] [Vextra][Fatal] A function with return type must return a value @ /home/vextra/public_html/aplicacion/controladores/Autenticacion/AutenticacionControlador.php:356
[2026-04-08 02:09:29] [ERR-69d5ff29301a86.54211508] [Vextra][Fatal] A function with return type must return a value @ /home/vextra/public_html/aplicacion/controladores/Autenticacion/AutenticacionControlador.php:356
[2026-04-08 02:09:29] [ERR-69d5ff29ecd9b7.16555141] [Vextra][Fatal] A function with return type must return a value @ /home/vextra/public_html/aplicacion/controladores/Autenticacion/AutenticacionControlador.php:356
[2026-04-08 02:09:30] [ERR-69d5ff2a3efac7.50777256] [Vextra][Fatal] A function with return type must return a value @ /home/vextra/public_html/aplicacion/controladores/Autenticacion/AutenticacionControlador.php:356
[2026-04-08 02:09:30] [ERR-69d5ff2a6e89f7.08495730] [Vextra][Fatal] A function with return type must return a value @ /home/vextra/public_html/aplicacion/controladores/Autenticacion/AutenticacionControlador.php:356
[2026-04-08 02:10:23] [ERR-69d5ff5fa0c8a9.91548125] [Vextra][Fatal] A function with return type must return a value @ /home/vextra/public_html/aplicacion/controladores/Autenticacion/AutenticacionControlador.php:356
[2026-04-08 02:10:24] [ERR-69d5ff606e4b54.47523938] [Vextra][Fatal] A function with return type must return a value @ /home/vextra/public_html/aplicacion/controladores/Autenticacion/AutenticacionControlador.php:356
[2026-04-08 02:10:24] [ERR-69d5ff60abc597.73554076] [Vextra][Fatal] A function with return type must return a value @ /home/vextra/public_html/aplicacion/controladores/Autenticacion/AutenticacionControlador.php:356
[2026-04-08 02:10:25] [ERR-69d5ff61086552.45914431] [Vextra][Fatal] A function with return type must return a value @ /home/vextra/public_html/aplicacion/controladores/Autenticacion/AutenticacionControlador.php:356
[2026-04-08 02:10:25] [ERR-69d5ff618f5723.66567394] [Vextra][Fatal] A function with return type must return a value @ /home/vextra/public_html/aplicacion/controladores/Autenticacion/AutenticacionControlador.php:356
[2026-04-08 02:10:25] [ERR-69d5ff61c00fa8.62045148] [Vextra][Fatal] A function with return type must return a value @ /home/vextra/public_html/aplicacion/controladores/Autenticacion/AutenticacionControlador.php:356
[2026-04-08 02:10:26] [ERR-69d5ff62286386.22163801] [Vextra][Fatal] A function with return type must return a value @ /home/vextra/public_html/aplicacion/controladores/Autenticacion/AutenticacionControlador.php:356
[2026-04-08 02:10:26] [ERR-69d5ff6256d5e0.41352312] [Vextra][Fatal] A function with return type must return a value @ /home/vextra/public_html/aplicacion/controladores/Autenticacion/AutenticacionControlador.php:356
[2026-04-08 02:10:26] [ERR-69d5ff62822c44.87866504] [Vextra][Fatal] A function with return type must return a value @ /home/vextra/public_html/aplicacion/controladores/Autenticacion/AutenticacionControlador.php:356
[2026-04-08 02:10:26] [ERR-69d5ff62acd894.53566849] [Vextra][Fatal] A function with return type must return a value @ /home/vextra/public_html/aplicacion/controladores/Autenticacion/AutenticacionControlador.php:356
[2026-04-08 02:13:45] [ERR-69d6002942f0c0.84770094] [Vextra][Uncaught] Call to undefined method Aplicacion\Controladores\Autenticacion\AutenticacionControlador::liberarRegistrosBloqueadosPorPagoNoAprobado() @ /home/vextra/public_html/aplicacion/controladores/Autenticacion/AutenticacionControlador.php:149
[2026-04-08 02:19:18] [ERR-69d60176bb8b63.14356652] [Vextra][Fatal] Cannot redeclare Aplicacion\Controladores\Autenticacion\AutenticacionControlador::liberarEmpresaSiPagoNoAprobado() @ /home/vextra/public_html/aplicacion/controladores/Autenticacion/AutenticacionControlador.php:435
[2026-04-08 02:24:45] [ERR-69d602bd16a854.44610452] [Vextra][Fatal] Cannot redeclare Aplicacion\Controladores\Autenticacion\AutenticacionControlador::liberarEmpresaSiPagoNoAprobado() @ /home/vextra/public_html/aplicacion/controladores/Autenticacion/AutenticacionControlador.php:435
[2026-04-08 02:24:49] [ERR-69d602c122f0c1.77410574] [Vextra][Fatal] Cannot redeclare Aplicacion\Controladores\Autenticacion\AutenticacionControlador::liberarEmpresaSiPagoNoAprobado() @ /home/vextra/public_html/aplicacion/controladores/Autenticacion/AutenticacionControlador.php:446
[2026-04-08 02:24:51] [ERR-69d602c3a71190.05222422] [Vextra][Fatal] Cannot redeclare Aplicacion\Controladores\Autenticacion\AutenticacionControlador::liberarEmpresaSiPagoNoAprobado() @ /home/vextra/public_html/aplicacion/controladores/Autenticacion/AutenticacionControlador.php:446
[2026-04-08 02:24:58] [ERR-69d602ca161dc8.67148529] [Vextra][Fatal] Cannot redeclare Aplicacion\Controladores\Autenticacion\AutenticacionControlador::liberarEmpresaSiPagoNoAprobado() @ /home/vextra/public_html/aplicacion/controladores/Autenticacion/AutenticacionControlador.php:446
[2026-04-08 02:25:00] [ERR-69d602ccd26897.41156395] [Vextra][Fatal] Cannot redeclare Aplicacion\Controladores\Autenticacion\AutenticacionControlador::liberarEmpresaSiPagoNoAprobado() @ /home/vextra/public_html/aplicacion/controladores/Autenticacion/AutenticacionControlador.php:446
[2026-04-08 02:25:01] [ERR-69d602cd965c59.53595599] [Vextra][Fatal] Cannot redeclare Aplicacion\Controladores\Autenticacion\AutenticacionControlador::liberarEmpresaSiPagoNoAprobado() @ /home/vextra/public_html/aplicacion/controladores/Autenticacion/AutenticacionControlador.php:446
[2026-04-08 02:25:02] [ERR-69d602ceade5b9.90018945] [Vextra][Fatal] Cannot redeclare Aplicacion\Controladores\Autenticacion\AutenticacionControlador::liberarEmpresaSiPagoNoAprobado() @ /home/vextra/public_html/aplicacion/controladores/Autenticacion/AutenticacionControlador.php:446
[2026-04-08 02:25:06] [ERR-69d602d24451a2.31171382] [Vextra][Fatal] Cannot redeclare Aplicacion\Controladores\Autenticacion\AutenticacionControlador::liberarEmpresaSiPagoNoAprobado() @ /home/vextra/public_html/aplicacion/controladores/Autenticacion/AutenticacionControlador.php:446
[2026-04-08 02:28:56] [ERR-69d603b8af1869.73345240] [Vextra][Fatal] Cannot redeclare Aplicacion\Controladores\Autenticacion\AutenticacionControlador::liberarEmpresaSiPagoNoAprobado() @ /home/vextra/public_html/aplicacion/controladores/Autenticacion/AutenticacionControlador.php:446
[2026-04-08 02:28:57] [ERR-69d603b9971422.22971935] [Vextra][Fatal] Cannot redeclare Aplicacion\Controladores\Autenticacion\AutenticacionControlador::liberarEmpresaSiPagoNoAprobado() @ /home/vextra/public_html/aplicacion/controladores/Autenticacion/AutenticacionControlador.php:446
[2026-04-08 02:28:58] [ERR-69d603ba4a4d07.76059430] [Vextra][Fatal] Cannot redeclare Aplicacion\Controladores\Autenticacion\AutenticacionControlador::liberarEmpresaSiPagoNoAprobado() @ /home/vextra/public_html/aplicacion/controladores/Autenticacion/AutenticacionControlador.php:446
[2026-04-08 02:28:58] [ERR-69d603baa78db2.74911276] [Vextra][Fatal] Cannot redeclare Aplicacion\Controladores\Autenticacion\AutenticacionControlador::buscarEmpresaIdPorRut() @ /home/vextra/public_html/aplicacion/controladores/Autenticacion/AutenticacionControlador.php:453
[2026-04-08 02:28:59] [ERR-69d603bb2df250.01266890] [Vextra][Fatal] Cannot redeclare Aplicacion\Controladores\Autenticacion\AutenticacionControlador::buscarEmpresaIdPorRut() @ /home/vextra/public_html/aplicacion/controladores/Autenticacion/AutenticacionControlador.php:453
[2026-04-08 02:28:59] [ERR-69d603bb630fc2.57829782] [Vextra][Fatal] Cannot redeclare Aplicacion\Controladores\Autenticacion\AutenticacionControlador::buscarEmpresaIdPorRut() @ /home/vextra/public_html/aplicacion/controladores/Autenticacion/AutenticacionControlador.php:453
[2026-04-08 02:28:59] [ERR-69d603bbecf1d9.06533295] [Vextra][Fatal] Cannot redeclare Aplicacion\Controladores\Autenticacion\AutenticacionControlador::buscarEmpresaIdPorRut() @ /home/vextra/public_html/aplicacion/controladores/Autenticacion/AutenticacionControlador.php:453
[2026-04-08 02:29:00] [ERR-69d603bc3e08b1.72144160] [Vextra][Fatal] Cannot redeclare Aplicacion\Controladores\Autenticacion\AutenticacionControlador::buscarEmpresaIdPorRut() @ /home/vextra/public_html/aplicacion/controladores/Autenticacion/AutenticacionControlador.php:453
[2026-04-08 02:29:08] [ERR-69d603c4395600.38327988] [Vextra][Fatal] Cannot redeclare Aplicacion\Controladores\Autenticacion\AutenticacionControlador::buscarEmpresaIdPorRut() @ /home/vextra/public_html/aplicacion/controladores/Autenticacion/AutenticacionControlador.php:453
[2026-04-08 02:29:09] [ERR-69d603c5054863.03102973] [Vextra][Fatal] Cannot redeclare Aplicacion\Controladores\Autenticacion\AutenticacionControlador::buscarEmpresaIdPorRut() @ /home/vextra/public_html/aplicacion/controladores/Autenticacion/AutenticacionControlador.php:453
[2026-04-08 02:29:09] [ERR-69d603c5625556.13862911] [Vextra][Fatal] Cannot redeclare Aplicacion\Controladores\Autenticacion\AutenticacionControlador::buscarEmpresaIdPorRut() @ /home/vextra/public_html/aplicacion/controladores/Autenticacion/AutenticacionControlador.php:453
[2026-04-08 02:29:09] [ERR-69d603c5a87859.35703122] [Vextra][Fatal] Cannot redeclare Aplicacion\Controladores\Autenticacion\AutenticacionControlador::buscarEmpresaIdPorRut() @ /home/vextra/public_html/aplicacion/controladores/Autenticacion/AutenticacionControlador.php:453
[2026-04-08 02:29:09] [ERR-69d603c5e47bc8.16628827] [Vextra][Fatal] Cannot redeclare Aplicacion\Controladores\Autenticacion\AutenticacionControlador::buscarEmpresaIdPorRut() @ /home/vextra/public_html/aplicacion/controladores/Autenticacion/AutenticacionControlador.php:453
[2026-04-08 02:29:10] [ERR-69d603c6298686.27224279] [Vextra][Fatal] Cannot redeclare Aplicacion\Controladores\Autenticacion\AutenticacionControlador::buscarEmpresaIdPorRut() @ /home/vextra/public_html/aplicacion/controladores/Autenticacion/AutenticacionControlador.php:453
[2026-04-08 02:29:10] [ERR-69d603c6666449.57181709] [Vextra][Fatal] Cannot redeclare Aplicacion\Controladores\Autenticacion\AutenticacionControlador::buscarEmpresaIdPorRut() @ /home/vextra/public_html/aplicacion/controladores/Autenticacion/AutenticacionControlador.php:453
[2026-04-08 02:29:10] [ERR-69d603c6b47c73.92407949] [Vextra][Fatal] Cannot redeclare Aplicacion\Controladores\Autenticacion\AutenticacionControlador::buscarEmpresaIdPorRut() @ /home/vextra/public_html/aplicacion/controladores/Autenticacion/AutenticacionControlador.php:453
[2026-04-08 02:34:31] [ERR-69d6050762ed95.64904785] [Vextra][Fatal] Cannot redeclare Aplicacion\Controladores\Autenticacion\AutenticacionControlador::buscarEmpresaIdPorRut() @ /home/vextra/public_html/aplicacion/controladores/Autenticacion/AutenticacionControlador.php:453
[2026-04-08 02:34:32] [ERR-69d605084bf465.93875402] [Vextra][Fatal] Cannot redeclare Aplicacion\Controladores\Autenticacion\AutenticacionControlador::buscarEmpresaIdPorRut() @ /home/vextra/public_html/aplicacion/controladores/Autenticacion/AutenticacionControlador.php:453
[2026-04-08 02:34:32] [ERR-69d60508f189c6.69874278] [Vextra][Fatal] Cannot redeclare Aplicacion\Controladores\Autenticacion\AutenticacionControlador::buscarEmpresaIdPorRut() @ /home/vextra/public_html/aplicacion/controladores/Autenticacion/AutenticacionControlador.php:453
[2026-04-08 02:34:33] [ERR-69d60509848631.87740644] [Vextra][Fatal] Cannot redeclare Aplicacion\Controladores\Autenticacion\AutenticacionControlador::buscarEmpresaIdPorRut() @ /home/vextra/public_html/aplicacion/controladores/Autenticacion/AutenticacionControlador.php:453
[2026-04-08 02:34:34] [ERR-69d6050a0fb250.65597603] [Vextra][Fatal] Cannot redeclare Aplicacion\Controladores\Autenticacion\AutenticacionControlador::buscarEmpresaIdPorRut() @ /home/vextra/public_html/aplicacion/controladores/Autenticacion/AutenticacionControlador.php:453
[2026-04-08 02:34:34] [ERR-69d6050a64f9d6.92285849] [Vextra][Fatal] Cannot redeclare Aplicacion\Controladores\Autenticacion\AutenticacionControlador::buscarEmpresaIdPorRut() @ /home/vextra/public_html/aplicacion/controladores/Autenticacion/AutenticacionControlador.php:453
[2026-04-08 02:34:35] [ERR-69d6050b393775.65385304] [Vextra][Fatal] Cannot redeclare Aplicacion\Controladores\Autenticacion\AutenticacionControlador::buscarEmpresaIdPorRut() @ /home/vextra/public_html/aplicacion/controladores/Autenticacion/AutenticacionControlador.php:453
[2026-04-08 02:34:35] [ERR-69d6050b7e59b8.63184267] [Vextra][Fatal] Cannot redeclare Aplicacion\Controladores\Autenticacion\AutenticacionControlador::buscarEmpresaIdPorRut() @ /home/vextra/public_html/aplicacion/controladores/Autenticacion/AutenticacionControlador.php:453
[2026-04-08 02:34:35] [ERR-69d6050bae2951.88569095] [Vextra][Uncaught] Class "Aplicacion\Controladores\Autenticacion\AutenticacionControlador" not found @ /home/vextra/public_html/aplicacion/nucleo/Enrutador.php:36
[2026-04-08 02:34:35] [ERR-69d6050be42759.44832982] [Vextra][Fatal] Cannot redeclare Aplicacion\Controladores\Autenticacion\AutenticacionControlador::buscarEmpresaIdPorRut() @ /home/vextra/public_html/aplicacion/controladores/Autenticacion/AutenticacionControlador.php:409
[2026-04-08 02:34:36] [ERR-69d6050c2406a4.15534708] [Vextra][Fatal] Cannot redeclare Aplicacion\Controladores\Autenticacion\AutenticacionControlador::buscarEmpresaIdPorRut() @ /home/vextra/public_html/aplicacion/controladores/Autenticacion/AutenticacionControlador.php:409
[2026-04-08 02:34:36] [ERR-69d6050cd8a707.40747830] [Vextra][Fatal] Cannot redeclare Aplicacion\Controladores\Autenticacion\AutenticacionControlador::buscarEmpresaIdPorRut() @ /home/vextra/public_html/aplicacion/controladores/Autenticacion/AutenticacionControlador.php:409
[2026-04-08 02:34:37] [ERR-69d6050d2d8a41.59081508] [Vextra][Fatal] Cannot redeclare Aplicacion\Controladores\Autenticacion\AutenticacionControlador::buscarEmpresaIdPorRut() @ /home/vextra/public_html/aplicacion/controladores/Autenticacion/AutenticacionControlador.php:409
[2026-04-08 02:34:37] [ERR-69d6050d67de46.67424007] [Vextra][Fatal] Cannot redeclare Aplicacion\Controladores\Autenticacion\AutenticacionControlador::buscarEmpresaIdPorRut() @ /home/vextra/public_html/aplicacion/controladores/Autenticacion/AutenticacionControlador.php:409
[2026-04-08 02:34:37] [ERR-69d6050da0a894.75190209] [Vextra][Fatal] Cannot redeclare Aplicacion\Controladores\Autenticacion\AutenticacionControlador::buscarEmpresaIdPorRut() @ /home/vextra/public_html/aplicacion/controladores/Autenticacion/AutenticacionControlador.php:409
[2026-04-08 02:34:37] [ERR-69d6050dd4da89.18708238] [Vextra][Fatal] Cannot redeclare Aplicacion\Controladores\Autenticacion\AutenticacionControlador::buscarEmpresaIdPorRut() @ /home/vextra/public_html/aplicacion/controladores/Autenticacion/AutenticacionControlador.php:409
[2026-04-08 02:34:38] [ERR-69d6050e0daad8.10405982] [Vextra][Fatal] Cannot redeclare Aplicacion\Controladores\Autenticacion\AutenticacionControlador::buscarEmpresaIdPorRut() @ /home/vextra/public_html/aplicacion/controladores/Autenticacion/AutenticacionControlador.php:409
[2026-04-08 02:34:38] [ERR-69d6050e6ff254.75909328] [Vextra][Fatal] Cannot redeclare Aplicacion\Controladores\Autenticacion\AutenticacionControlador::buscarEmpresaIdPorRut() @ /home/vextra/public_html/aplicacion/controladores/Autenticacion/AutenticacionControlador.php:409
[2026-04-08 02:34:38] [ERR-69d6050ec7dac5.68790516] [Vextra][Fatal] Cannot redeclare Aplicacion\Controladores\Autenticacion\AutenticacionControlador::buscarEmpresaIdPorRut() @ /home/vextra/public_html/aplicacion/controladores/Autenticacion/AutenticacionControlador.php:409
[2026-04-08 02:34:39] [ERR-69d6050f2bcfa2.59386300] [Vextra][Fatal] Cannot redeclare Aplicacion\Controladores\Autenticacion\AutenticacionControlador::buscarEmpresaIdPorRut() @ /home/vextra/public_html/aplicacion/controladores/Autenticacion/AutenticacionControlador.php:409
[2026-04-08 02:34:39] [ERR-69d6050f58aac1.44058419] [Vextra][Fatal] Cannot redeclare Aplicacion\Controladores\Autenticacion\AutenticacionControlador::buscarEmpresaIdPorRut() @ /home/vextra/public_html/aplicacion/controladores/Autenticacion/AutenticacionControlador.php:409
[2026-04-08 02:34:39] [ERR-69d6050f802674.48259214] [Vextra][Fatal] Cannot redeclare Aplicacion\Controladores\Autenticacion\AutenticacionControlador::buscarEmpresaIdPorRut() @ /home/vextra/public_html/aplicacion/controladores/Autenticacion/AutenticacionControlador.php:409
[2026-04-08 02:34:39] [ERR-69d6050fb1be60.56990020] [Vextra][Fatal] Cannot redeclare Aplicacion\Controladores\Autenticacion\AutenticacionControlador::buscarEmpresaIdPorRut() @ /home/vextra/public_html/aplicacion/controladores/Autenticacion/AutenticacionControlador.php:409
[2026-04-08 02:34:40] [ERR-69d60510795a77.28739373] [Vextra][Fatal] Cannot redeclare Aplicacion\Controladores\Autenticacion\AutenticacionControlador::buscarEmpresaIdPorRut() @ /home/vextra/public_html/aplicacion/controladores/Autenticacion/AutenticacionControlador.php:409
[2026-04-08 02:34:40] [ERR-69d605109cb784.94405059] [Vextra][Fatal] Cannot redeclare Aplicacion\Controladores\Autenticacion\AutenticacionControlador::buscarEmpresaIdPorRut() @ /home/vextra/public_html/aplicacion/controladores/Autenticacion/AutenticacionControlador.php:409
[2026-04-08 02:34:40] [ERR-69d60510c67c64.77029519] [Vextra][Fatal] Cannot redeclare Aplicacion\Controladores\Autenticacion\AutenticacionControlador::buscarEmpresaIdPorRut() @ /home/vextra/public_html/aplicacion/controladores/Autenticacion/AutenticacionControlador.php:409
[2026-04-08 02:34:40] [ERR-69d60510ef63e0.70547764] [Vextra][Fatal] Cannot redeclare Aplicacion\Controladores\Autenticacion\AutenticacionControlador::buscarEmpresaIdPorRut() @ /home/vextra/public_html/aplicacion/controladores/Autenticacion/AutenticacionControlador.php:409
[2026-04-08 02:34:41] [ERR-69d60511200838.69623752] [Vextra][Fatal] Cannot redeclare Aplicacion\Controladores\Autenticacion\AutenticacionControlador::buscarEmpresaIdPorRut() @ /home/vextra/public_html/aplicacion/controladores/Autenticacion/AutenticacionControlador.php:409
[2026-04-08 02:34:41] [ERR-69d605114d4173.14391841] [Vextra][Fatal] Cannot redeclare Aplicacion\Controladores\Autenticacion\AutenticacionControlador::buscarEmpresaIdPorRut() @ /home/vextra/public_html/aplicacion/controladores/Autenticacion/AutenticacionControlador.php:409
[2026-04-08 02:35:01] [ERR-69d605251fe1c9.03431811] [Vextra][Fatal] Cannot redeclare Aplicacion\Controladores\Autenticacion\AutenticacionControlador::buscarEmpresaIdPorRut() @ /home/vextra/public_html/aplicacion/controladores/Autenticacion/AutenticacionControlador.php:409
[2026-04-08 02:37:08] [ERR-69d605a40c8c71.28437561] [Vextra][Fatal] Cannot redeclare Aplicacion\Controladores\Autenticacion\AutenticacionControlador::buscarEmpresaIdPorRut() @ /home/vextra/public_html/aplicacion/controladores/Autenticacion/AutenticacionControlador.php:409
[2026-04-08 02:37:09] [ERR-69d605a5142f59.77027545] [Vextra][Fatal] Cannot redeclare Aplicacion\Controladores\Autenticacion\AutenticacionControlador::buscarEmpresaIdPorRut() @ /home/vextra/public_html/aplicacion/controladores/Autenticacion/AutenticacionControlador.php:409
[2026-04-08 02:37:09] [ERR-69d605a5b79414.75367867] [Vextra][Fatal] Cannot redeclare Aplicacion\Controladores\Autenticacion\AutenticacionControlador::buscarEmpresaIdPorRut() @ /home/vextra/public_html/aplicacion/controladores/Autenticacion/AutenticacionControlador.php:409
[2026-04-08 02:37:10] [ERR-69d605a6498d46.96222696] [Vextra][Fatal] Cannot redeclare Aplicacion\Controladores\Autenticacion\AutenticacionControlador::buscarEmpresaIdPorRut() @ /home/vextra/public_html/aplicacion/controladores/Autenticacion/AutenticacionControlador.php:409
[2026-04-08 02:37:10] [ERR-69d605a6b38431.57334700] [Vextra][Fatal] Cannot redeclare Aplicacion\Controladores\Autenticacion\AutenticacionControlador::buscarEmpresaIdPorRut() @ /home/vextra/public_html/aplicacion/controladores/Autenticacion/AutenticacionControlador.php:409
[2026-04-08 03:37:11] [ERR-69d605a7106370.44012401] [Vextra][Uncaught] Class "Aplicacion\Nucleo\App" not found @ /home/vextra/public_html/public/index.php:127
[2026-04-08 02:37:11] [ERR-69d605a75e6501.84199640] [Vextra][Fatal] Cannot redeclare Aplicacion\Controladores\Autenticacion\AutenticacionControlador::buscarEmpresaIdPorRut() @ /home/vextra/public_html/aplicacion/controladores/Autenticacion/AutenticacionControlador.php:409
[2026-04-08 02:37:12] [ERR-69d605a81a4032.50195601] [Vextra][Fatal] Cannot redeclare Aplicacion\Controladores\Autenticacion\AutenticacionControlador::buscarEmpresaIdPorRut() @ /home/vextra/public_html/aplicacion/controladores/Autenticacion/AutenticacionControlador.php:409
[2026-04-08 02:37:12] [ERR-69d605a89913d2.50468683] [Vextra][Fatal] Cannot redeclare Aplicacion\Controladores\Autenticacion\AutenticacionControlador::buscarEmpresaIdPorRut() @ /home/vextra/public_html/aplicacion/controladores/Autenticacion/AutenticacionControlador.php:409
